
Profile Adam on interface Wi-Fi: 
======================================================================= 

Applied: All User Profile    

Profile information 
------------------- 
    Version                : 1
    Type                   : Wireless LAN
    Name                   : Adam
    Control options        : 
        Connection mode    : Connect automatically
        Network broadcast  : Connect only if this network is broadcasting
        AutoSwitch         : Do not switch to other networks
        MAC Randomization  : Enabled

Connectivity settings 
--------------------- 
    Number of SSIDs        : 1
    SSID name              : "Adam"
    Network type           : Infrastructure
    Radio type             : [ Any Radio Type ]
    Vendor extension          : Not present

Security settings 
----------------- 
    Authentication         : WPA2-Personal
    Cipher                 : CCMP
    Authentication         : WPA2-Personal
    Cipher                 : GCMP
    Security key           : Present
    Key Content            : p@ssw0rd

Cost settings 
------------- 
    Cost                   : Unrestricted
    Congested              : No
    Approaching Data Limit : No
    Over Data Limit        : No
    Roaming                : No
    Cost Source            : Default

